<?xml version="1.0" encoding="UTF-8"?>
<!-- Generated by org.testng.reporters.JUnitReportReporter -->
<testsuite hostname="NASNEEN" failures="0" tests="2" name="test.pkg.SaucedemoTest" time="54.872" errors="0" timestamp="2024-07-12T14:48:56 IST" skipped="0">
  <testcase classname="test.pkg.SaucedemoTest" name="verifyLoginWithValidCred" time="52.302"/>
  <testcase classname="test.pkg.SaucedemoTest" name="cartPage" time="2.570"/>
</testsuite> <!-- test.pkg.SaucedemoTest -->
