<?xml version="1.0" encoding="UTF-8"?>
<!-- Generated by org.testng.reporters.JUnitReportReporter -->
<testsuite hostname="NASNEEN" failures="0" tests="1" name="testpkg.Demo" time="0.235" errors="0" timestamp="2024-06-20T11:37:23 IST" skipped="0">
  <testcase classname="testpkg.Demo" name="facebook" time="0.235"/>
</testsuite> <!-- testpkg.Demo -->
