<?xml version="1.0" encoding="UTF-8"?>
<!-- Generated by org.testng.reporters.JUnitReportReporter -->
<testsuite hostname="NASNEEN" failures="0" tests="1" name="test.pkg.ProjectTestPackage" time="49.141" errors="0" timestamp="2024-07-15T10:22:24 IST" skipped="0">
  <testcase classname="test.pkg.ProjectTestPackage" name="verifyLoginWithValidCred" time="49.141"/>
</testsuite> <!-- test.pkg.ProjectTestPackage -->
