<?xml version="1.0" encoding="UTF-8"?>
<!-- Generated by org.testng.reporters.JUnitReportReporter -->
<testsuite hostname="NASNEEN" failures="0" tests="1" name="test.pkg.testrishib" time="11.873" errors="0" timestamp="2024-07-14T06:37:31 IST" skipped="0">
  <testcase classname="test.pkg.testrishib" name="verifyLoginWithValidCred" time="11.873"/>
</testsuite> <!-- test.pkg.testrishib -->
